<program>
   1: # Finn 1. påskedag for årene 2015-2020.
   2: 
   3: M_name = [""] * (12+1)
  <AspStmt>
    <AspAssignment>
      <AspName>
      </AspName>
      <expr>
        <and test>
          <AspNotTest>
            <AspComparison>
              <AspTerm>
                <AspFactor>
                  <AspPrimary>
                    <atom>
                      <AspListDisplay>
                        <expr>
                          <and test>
                            <AspNotTest>
                              <AspComparison>
                                <AspTerm>
                                  <AspFactor>
                                    <AspPrimary>
                                      <atom>
                                        <AspStringLiteral>
                                        </AspStringLiteral>
                                      </atom>
                                    </AspPrimary>
                                  </AspFactor>
                                </AspTerm>
                              </AspComparison>
                            </AspNotTest>
                          </and test>
                        </expr>
                      </AspListDisplay>
                    </atom>
                  </AspPrimary>
                  <AspFactorOpr>
                  </AspFactorOpr>
                  <AspPrimary>
                    <atom>
                      <AspInnerExpr>
                        <expr>
                          <and test>
                            <AspNotTest>
                              <AspComparison>
                                <AspTerm>
                                  <AspFactor>
                                    <AspPrimary>
                                      <atom>
                                        <AspIntegerLiteral>
                                        </AspFloatLiteral>
                                      </atom>
                                    </AspPrimary>
                                  </AspFactor>
                                  <AspTermOpr>
                                  </AspTermOpr>
                                  <AspFactor>
                                    <AspPrimary>
                                      <atom>
                                        <AspIntegerLiteral>
                                        </AspFloatLiteral>
                                      </atom>
                                    </AspPrimary>
                                  </AspFactor>
                                </AspTerm>
                              </AspComparison>
                            </AspNotTest>
                          </and test>
                        </expr>
                      </AspInnerExpr>
                    </atom>
                  </AspPrimary>
                </AspFactor>
              </AspTerm>
            </AspComparison>
          </AspNotTest>
        </and test>
      </expr>
    </AspAssignment>
  </AspStmt>
   4: M_name[3] = "mars"
  <AspStmt>
    <AspAssignment>
      <AspName>
      </AspName>
      <AspSubscription>
        <expr>
          <and test>
            <AspNotTest>
              <AspComparison>
                <AspTerm>
                  <AspFactor>
                    <AspPrimary>
                      <atom>
                        <AspIntegerLiteral>
                        </AspFloatLiteral>
                      </atom>
                    </AspPrimary>
                  </AspFactor>
                </AspTerm>
              </AspComparison>
            </AspNotTest>
          </and test>
        </expr>
      </AspSubscription>
      <expr>
        <and test>
          <AspNotTest>
            <AspComparison>
              <AspTerm>
                <AspFactor>
                  <AspPrimary>
                    <atom>
                      <AspStringLiteral>
                      </AspStringLiteral>
                    </atom>
                  </AspPrimary>
                </AspFactor>
              </AspTerm>
            </AspComparison>
          </AspNotTest>
        </and test>
      </expr>
    </AspAssignment>
  </AspStmt>
   5: M_name[4] = "april"
  <AspStmt>
    <AspAssignment>
      <AspName>
      </AspName>
      <AspSubscription>
        <expr>
          <and test>
            <AspNotTest>
              <AspComparison>
                <AspTerm>
                  <AspFactor>
                    <AspPrimary>
                      <atom>
                        <AspIntegerLiteral>
                        </AspFloatLiteral>
                      </atom>
                    </AspPrimary>
                  </AspFactor>
                </AspTerm>
              </AspComparison>
            </AspNotTest>
          </and test>
        </expr>
      </AspSubscription>
      <expr>
        <and test>
          <AspNotTest>
            <AspComparison>
              <AspTerm>
                <AspFactor>
                  <AspPrimary>
                    <atom>
                      <AspStringLiteral>
                      </AspStringLiteral>
                    </atom>
                  </AspPrimary>
                </AspFactor>
              </AspTerm>
            </AspComparison>
          </AspNotTest>
        </and test>
      </expr>
    </AspAssignment>
  </AspStmt>
   6: 
   7: y = 2015
  <AspStmt>
    <AspAssignment>
      <AspName>
      </AspName>
      <expr>
        <and test>
          <AspNotTest>
            <AspComparison>
              <AspTerm>
                <AspFactor>
                  <AspPrimary>
                    <atom>
                      <AspIntegerLiteral>
                      </AspFloatLiteral>
                    </atom>
                  </AspPrimary>
                </AspFactor>
              </AspTerm>
            </AspComparison>
          </AspNotTest>
        </and test>
      </expr>
    </AspAssignment>
  </AspStmt>
   8: while y <= 2020:
  <AspStmt>
    <AspWhileStmt>
      <expr>
        <and test>
          <AspNotTest>
            <AspComparison>
              <AspTerm>
                <AspFactor>
                  <AspPrimary>
                    <atom>
                      <AspName>
                      </AspName>
                    </atom>
                  </AspPrimary>
                </AspFactor>
              </AspTerm>
              <AspCompOpr>
              </AspCompOpr>
              <AspTerm>
                <AspFactor>
                  <AspPrimary>
                    <atom>
                      <AspIntegerLiteral>
                      </AspFloatLiteral>
                    </atom>
                  </AspPrimary>
                </AspFactor>
              </AspTerm>
            </AspComparison>
          </AspNotTest>
        </and test>
      </expr>
      <AspSuite>
   9:    a = y % 19
        <AspStmt>
          <AspAssignment>
            <AspName>
            </AspName>
            <expr>
              <and test>
                <AspNotTest>
                  <AspComparison>
                    <AspTerm>
                      <AspFactor>
                        <AspPrimary>
                          <atom>
                            <AspName>
                            </AspName>
                          </atom>
                        </AspPrimary>
                        <AspFactorOpr>
                        </AspFactorOpr>
                        <AspPrimary>
                          <atom>
                            <AspIntegerLiteral>
                            </AspFloatLiteral>
                          </atom>
                        </AspPrimary>
                      </AspFactor>
                    </AspTerm>
                  </AspComparison>
                </AspNotTest>
              </and test>
            </expr>
          </AspAssignment>
        </AspStmt>
  10:    b = y // 100
        <AspStmt>
          <AspAssignment>
            <AspName>
            </AspName>
            <expr>
              <and test>
                <AspNotTest>
                  <AspComparison>
                    <AspTerm>
                      <AspFactor>
                        <AspPrimary>
                          <atom>
                            <AspName>
                            </AspName>
                          </atom>
                        </AspPrimary>
                        <AspFactorOpr>
                        </AspFactorOpr>
                        <AspPrimary>
                          <atom>
                            <AspIntegerLiteral>
                            </AspFloatLiteral>
                          </atom>
                        </AspPrimary>
                      </AspFactor>
                    </AspTerm>
                  </AspComparison>
                </AspNotTest>
              </and test>
            </expr>
          </AspAssignment>
        </AspStmt>
  11:    c = y % 100
        <AspStmt>
          <AspAssignment>
            <AspName>
            </AspName>
            <expr>
              <and test>
                <AspNotTest>
                  <AspComparison>
                    <AspTerm>
                      <AspFactor>
                        <AspPrimary>
                          <atom>
                            <AspName>
                            </AspName>
                          </atom>
                        </AspPrimary>
                        <AspFactorOpr>
                        </AspFactorOpr>
                        <AspPrimary>
                          <atom>
                            <AspIntegerLiteral>
                            </AspFloatLiteral>
                          </atom>
                        </AspPrimary>
                      </AspFactor>
                    </AspTerm>
                  </AspComparison>
                </AspNotTest>
              </and test>
            </expr>
          </AspAssignment>
        </AspStmt>
  12:    d = b // 4
        <AspStmt>
          <AspAssignment>
            <AspName>
            </AspName>
            <expr>
              <and test>
                <AspNotTest>
                  <AspComparison>
                    <AspTerm>
                      <AspFactor>
                        <AspPrimary>
                          <atom>
                            <AspName>
                            </AspName>
                          </atom>
                        </AspPrimary>
                        <AspFactorOpr>
                        </AspFactorOpr>
                        <AspPrimary>
                          <atom>
                            <AspIntegerLiteral>
                            </AspFloatLiteral>
                          </atom>
                        </AspPrimary>
                      </AspFactor>
                    </AspTerm>
                  </AspComparison>
                </AspNotTest>
              </and test>
            </expr>
          </AspAssignment>
        </AspStmt>
  13:    e = b % 4
        <AspStmt>
          <AspAssignment>
            <AspName>
            </AspName>
            <expr>
              <and test>
                <AspNotTest>
                  <AspComparison>
                    <AspTerm>
                      <AspFactor>
                        <AspPrimary>
                          <atom>
                            <AspName>
                            </AspName>
                          </atom>
                        </AspPrimary>
                        <AspFactorOpr>
                        </AspFactorOpr>
                        <AspPrimary>
                          <atom>
                            <AspIntegerLiteral>
                            </AspFloatLiteral>
                          </atom>
                        </AspPrimary>
                      </AspFactor>
                    </AspTerm>
                  </AspComparison>
                </AspNotTest>
              </and test>
            </expr>
          </AspAssignment>
        </AspStmt>
  14:    f = (b+8) // 25
        <AspStmt>
          <AspAssignment>
            <AspName>
            </AspName>
            <expr>
              <and test>
                <AspNotTest>
                  <AspComparison>
                    <AspTerm>
                      <AspFactor>
                        <AspPrimary>
                          <atom>
                            <AspInnerExpr>
                              <expr>
                                <and test>
                                  <AspNotTest>
                                    <AspComparison>
                                      <AspTerm>
                                        <AspFactor>
                                          <AspPrimary>
                                            <atom>
                                              <AspName>
                                              </AspName>
                                            </atom>
                                          </AspPrimary>
                                        </AspFactor>
                                        <AspTermOpr>
                                        </AspTermOpr>
                                        <AspFactor>
                                          <AspPrimary>
                                            <atom>
                                              <AspIntegerLiteral>
                                              </AspFloatLiteral>
                                            </atom>
                                          </AspPrimary>
                                        </AspFactor>
                                      </AspTerm>
                                    </AspComparison>
                                  </AspNotTest>
                                </and test>
                              </expr>
                            </AspInnerExpr>
                          </atom>
                        </AspPrimary>
                        <AspFactorOpr>
                        </AspFactorOpr>
                        <AspPrimary>
                          <atom>
                            <AspIntegerLiteral>
                            </AspFloatLiteral>
                          </atom>
                        </AspPrimary>
                      </AspFactor>
                    </AspTerm>
                  </AspComparison>
                </AspNotTest>
              </and test>
            </expr>
          </AspAssignment>
        </AspStmt>
  15:    g = (b-f+1) // 3
        <AspStmt>
          <AspAssignment>
            <AspName>
            </AspName>
            <expr>
              <and test>
                <AspNotTest>
                  <AspComparison>
                    <AspTerm>
                      <AspFactor>
                        <AspPrimary>
                          <atom>
                            <AspInnerExpr>
                              <expr>
                                <and test>
                                  <AspNotTest>
                                    <AspComparison>
                                      <AspTerm>
                                        <AspFactor>
                                          <AspPrimary>
                                            <atom>
                                              <AspName>
                                              </AspName>
                                            </atom>
                                          </AspPrimary>
                                        </AspFactor>
                                        <AspTermOpr>
                                        </AspTermOpr>
                                        <AspFactor>
                                          <AspPrimary>
                                            <atom>
                                              <AspName>
                                              </AspName>
                                            </atom>
                                          </AspPrimary>
                                        </AspFactor>
                                        <AspTermOpr>
                                        </AspTermOpr>
                                        <AspFactor>
                                          <AspPrimary>
                                            <atom>
                                              <AspIntegerLiteral>
                                              </AspFloatLiteral>
                                            </atom>
                                          </AspPrimary>
                                        </AspFactor>
                                      </AspTerm>
                                    </AspComparison>
                                  </AspNotTest>
                                </and test>
                              </expr>
                            </AspInnerExpr>
                          </atom>
                        </AspPrimary>
                        <AspFactorOpr>
                        </AspFactorOpr>
                        <AspPrimary>
                          <atom>
                            <AspIntegerLiteral>
                            </AspFloatLiteral>
                          </atom>
                        </AspPrimary>
                      </AspFactor>
                    </AspTerm>
                  </AspComparison>
                </AspNotTest>
              </and test>
            </expr>
          </AspAssignment>
        </AspStmt>
  16:    h = (19*a+b-d-g+15) % 30
        <AspStmt>
          <AspAssignment>
            <AspName>
            </AspName>
            <expr>
              <and test>
                <AspNotTest>
                  <AspComparison>
                    <AspTerm>
                      <AspFactor>
                        <AspPrimary>
                          <atom>
                            <AspInnerExpr>
                              <expr>
                                <and test>
                                  <AspNotTest>
                                    <AspComparison>
                                      <AspTerm>
                                        <AspFactor>
                                          <AspPrimary>
                                            <atom>
                                              <AspIntegerLiteral>
                                              </AspFloatLiteral>
                                            </atom>
                                          </AspPrimary>
                                          <AspFactorOpr>
                                          </AspFactorOpr>
                                          <AspPrimary>
                                            <atom>
                                              <AspName>
                                              </AspName>
                                            </atom>
                                          </AspPrimary>
                                        </AspFactor>
                                        <AspTermOpr>
                                        </AspTermOpr>
                                        <AspFactor>
                                          <AspPrimary>
                                            <atom>
                                              <AspName>
                                              </AspName>
                                            </atom>
                                          </AspPrimary>
                                        </AspFactor>
                                        <AspTermOpr>
                                        </AspTermOpr>
                                        <AspFactor>
                                          <AspPrimary>
                                            <atom>
                                              <AspName>
                                              </AspName>
                                            </atom>
                                          </AspPrimary>
                                        </AspFactor>
                                        <AspTermOpr>
                                        </AspTermOpr>
                                        <AspFactor>
                                          <AspPrimary>
                                            <atom>
                                              <AspName>
                                              </AspName>
                                            </atom>
                                          </AspPrimary>
                                        </AspFactor>
                                        <AspTermOpr>
                                        </AspTermOpr>
                                        <AspFactor>
                                          <AspPrimary>
                                            <atom>
                                              <AspIntegerLiteral>
                                              </AspFloatLiteral>
                                            </atom>
                                          </AspPrimary>
                                        </AspFactor>
                                      </AspTerm>
                                    </AspComparison>
                                  </AspNotTest>
                                </and test>
                              </expr>
                            </AspInnerExpr>
                          </atom>
                        </AspPrimary>
                        <AspFactorOpr>
                        </AspFactorOpr>
                        <AspPrimary>
                          <atom>
                            <AspIntegerLiteral>
                            </AspFloatLiteral>
                          </atom>
                        </AspPrimary>
                      </AspFactor>
                    </AspTerm>
                  </AspComparison>
                </AspNotTest>
              </and test>
            </expr>
          </AspAssignment>
        </AspStmt>
  17:    i = c // 4
        <AspStmt>
          <AspAssignment>
            <AspName>
            </AspName>
            <expr>
              <and test>
                <AspNotTest>
                  <AspComparison>
                    <AspTerm>
                      <AspFactor>
                        <AspPrimary>
                          <atom>
                            <AspName>
                            </AspName>
                          </atom>
                        </AspPrimary>
                        <AspFactorOpr>
                        </AspFactorOpr>
                        <AspPrimary>
                          <atom>
                            <AspIntegerLiteral>
                            </AspFloatLiteral>
                          </atom>
                        </AspPrimary>
                      </AspFactor>
                    </AspTerm>
                  </AspComparison>
                </AspNotTest>
              </and test>
            </expr>
          </AspAssignment>
        </AspStmt>
  18:    k = c % 4
        <AspStmt>
          <AspAssignment>
            <AspName>
            </AspName>
            <expr>
              <and test>
                <AspNotTest>
                  <AspComparison>
                    <AspTerm>
                      <AspFactor>
                        <AspPrimary>
                          <atom>
                            <AspName>
                            </AspName>
                          </atom>
                        </AspPrimary>
                        <AspFactorOpr>
                        </AspFactorOpr>
                        <AspPrimary>
                          <atom>
                            <AspIntegerLiteral>
                            </AspFloatLiteral>
                          </atom>
                        </AspPrimary>
                      </AspFactor>
                    </AspTerm>
                  </AspComparison>
                </AspNotTest>
              </and test>
            </expr>
          </AspAssignment>
        </AspStmt>
  19:    l = (32+2*e+2*i-h-k) % 7
        <AspStmt>
          <AspAssignment>
            <AspName>
            </AspName>
            <expr>
              <and test>
                <AspNotTest>
                  <AspComparison>
                    <AspTerm>
                      <AspFactor>
                        <AspPrimary>
                          <atom>
                            <AspInnerExpr>
                              <expr>
                                <and test>
                                  <AspNotTest>
                                    <AspComparison>
                                      <AspTerm>
                                        <AspFactor>
                                          <AspPrimary>
                                            <atom>
                                              <AspIntegerLiteral>
                                              </AspFloatLiteral>
                                            </atom>
                                          </AspPrimary>
                                        </AspFactor>
                                        <AspTermOpr>
                                        </AspTermOpr>
                                        <AspFactor>
                                          <AspPrimary>
                                            <atom>
                                              <AspIntegerLiteral>
                                              </AspFloatLiteral>
                                            </atom>
                                          </AspPrimary>
                                          <AspFactorOpr>
                                          </AspFactorOpr>
                                          <AspPrimary>
                                            <atom>
                                              <AspName>
                                              </AspName>
                                            </atom>
                                          </AspPrimary>
                                        </AspFactor>
                                        <AspTermOpr>
                                        </AspTermOpr>
                                        <AspFactor>
                                          <AspPrimary>
                                            <atom>
                                              <AspIntegerLiteral>
                                              </AspFloatLiteral>
                                            </atom>
                                          </AspPrimary>
                                          <AspFactorOpr>
                                          </AspFactorOpr>
                                          <AspPrimary>
                                            <atom>
                                              <AspName>
                                              </AspName>
                                            </atom>
                                          </AspPrimary>
                                        </AspFactor>
                                        <AspTermOpr>
                                        </AspTermOpr>
                                        <AspFactor>
                                          <AspPrimary>
                                            <atom>
                                              <AspName>
                                              </AspName>
                                            </atom>
                                          </AspPrimary>
                                        </AspFactor>
                                        <AspTermOpr>
                                        </AspTermOpr>
                                        <AspFactor>
                                          <AspPrimary>
                                            <atom>
                                              <AspName>
                                              </AspName>
                                            </atom>
                                          </AspPrimary>
                                        </AspFactor>
                                      </AspTerm>
                                    </AspComparison>
                                  </AspNotTest>
                                </and test>
                              </expr>
                            </AspInnerExpr>
                          </atom>
                        </AspPrimary>
                        <AspFactorOpr>
                        </AspFactorOpr>
                        <AspPrimary>
                          <atom>
                            <AspIntegerLiteral>
                            </AspFloatLiteral>
                          </atom>
                        </AspPrimary>
                      </AspFactor>
                    </AspTerm>
                  </AspComparison>
                </AspNotTest>
              </and test>
            </expr>
          </AspAssignment>
        </AspStmt>
  20:    m = (a+11*h+22*l) // 451
        <AspStmt>
          <AspAssignment>
            <AspName>
            </AspName>
            <expr>
              <and test>
                <AspNotTest>
                  <AspComparison>
                    <AspTerm>
                      <AspFactor>
                        <AspPrimary>
                          <atom>
                            <AspInnerExpr>
                              <expr>
                                <and test>
                                  <AspNotTest>
                                    <AspComparison>
                                      <AspTerm>
                                        <AspFactor>
                                          <AspPrimary>
                                            <atom>
                                              <AspName>
                                              </AspName>
                                            </atom>
                                          </AspPrimary>
                                        </AspFactor>
                                        <AspTermOpr>
                                        </AspTermOpr>
                                        <AspFactor>
                                          <AspPrimary>
                                            <atom>
                                              <AspIntegerLiteral>
                                              </AspFloatLiteral>
                                            </atom>
                                          </AspPrimary>
                                          <AspFactorOpr>
                                          </AspFactorOpr>
                                          <AspPrimary>
                                            <atom>
                                              <AspName>
                                              </AspName>
                                            </atom>
                                          </AspPrimary>
                                        </AspFactor>
                                        <AspTermOpr>
                                        </AspTermOpr>
                                        <AspFactor>
                                          <AspPrimary>
                                            <atom>
                                              <AspIntegerLiteral>
                                              </AspFloatLiteral>
                                            </atom>
                                          </AspPrimary>
                                          <AspFactorOpr>
                                          </AspFactorOpr>
                                          <AspPrimary>
                                            <atom>
                                              <AspName>
                                              </AspName>
                                            </atom>
                                          </AspPrimary>
                                        </AspFactor>
                                      </AspTerm>
                                    </AspComparison>
                                  </AspNotTest>
                                </and test>
                              </expr>
                            </AspInnerExpr>
                          </atom>
                        </AspPrimary>
                        <AspFactorOpr>
                        </AspFactorOpr>
                        <AspPrimary>
                          <atom>
                            <AspIntegerLiteral>
                            </AspFloatLiteral>
                          </atom>
                        </AspPrimary>
                      </AspFactor>
                    </AspTerm>
                  </AspComparison>
                </AspNotTest>
              </and test>
            </expr>
          </AspAssignment>
        </AspStmt>
  21: 
  22:    month = (h+l-7*m+114) // 31
        <AspStmt>
          <AspAssignment>
            <AspName>
            </AspName>
            <expr>
              <and test>
                <AspNotTest>
                  <AspComparison>
                    <AspTerm>
                      <AspFactor>
                        <AspPrimary>
                          <atom>
                            <AspInnerExpr>
                              <expr>
                                <and test>
                                  <AspNotTest>
                                    <AspComparison>
                                      <AspTerm>
                                        <AspFactor>
                                          <AspPrimary>
                                            <atom>
                                              <AspName>
                                              </AspName>
                                            </atom>
                                          </AspPrimary>
                                        </AspFactor>
                                        <AspTermOpr>
                                        </AspTermOpr>
                                        <AspFactor>
                                          <AspPrimary>
                                            <atom>
                                              <AspName>
                                              </AspName>
                                            </atom>
                                          </AspPrimary>
                                        </AspFactor>
                                        <AspTermOpr>
                                        </AspTermOpr>
                                        <AspFactor>
                                          <AspPrimary>
                                            <atom>
                                              <AspIntegerLiteral>
                                              </AspFloatLiteral>
                                            </atom>
                                          </AspPrimary>
                                          <AspFactorOpr>
                                          </AspFactorOpr>
                                          <AspPrimary>
                                            <atom>
                                              <AspName>
                                              </AspName>
                                            </atom>
                                          </AspPrimary>
                                        </AspFactor>
                                        <AspTermOpr>
                                        </AspTermOpr>
                                        <AspFactor>
                                          <AspPrimary>
                                            <atom>
                                              <AspIntegerLiteral>
                                              </AspFloatLiteral>
                                            </atom>
                                          </AspPrimary>
                                        </AspFactor>
                                      </AspTerm>
                                    </AspComparison>
                                  </AspNotTest>
                                </and test>
                              </expr>
                            </AspInnerExpr>
                          </atom>
                        </AspPrimary>
                        <AspFactorOpr>
                        </AspFactorOpr>
                        <AspPrimary>
                          <atom>
                            <AspIntegerLiteral>
                            </AspFloatLiteral>
                          </atom>
                        </AspPrimary>
                      </AspFactor>
                    </AspTerm>
                  </AspComparison>
                </AspNotTest>
              </and test>
            </expr>
          </AspAssignment>
        </AspStmt>
  23:    day = (h+l-7*m+114) % 31 + 1
        <AspStmt>
          <AspAssignment>
            <AspName>
            </AspName>
            <expr>
              <and test>
                <AspNotTest>
                  <AspComparison>
                    <AspTerm>
                      <AspFactor>
                        <AspPrimary>
                          <atom>
                            <AspInnerExpr>
                              <expr>
                                <and test>
                                  <AspNotTest>
                                    <AspComparison>
                                      <AspTerm>
                                        <AspFactor>
                                          <AspPrimary>
                                            <atom>
                                              <AspName>
                                              </AspName>
                                            </atom>
                                          </AspPrimary>
                                        </AspFactor>
                                        <AspTermOpr>
                                        </AspTermOpr>
                                        <AspFactor>
                                          <AspPrimary>
                                            <atom>
                                              <AspName>
                                              </AspName>
                                            </atom>
                                          </AspPrimary>
                                        </AspFactor>
                                        <AspTermOpr>
                                        </AspTermOpr>
                                        <AspFactor>
                                          <AspPrimary>
                                            <atom>
                                              <AspIntegerLiteral>
                                              </AspFloatLiteral>
                                            </atom>
                                          </AspPrimary>
                                          <AspFactorOpr>
                                          </AspFactorOpr>
                                          <AspPrimary>
                                            <atom>
                                              <AspName>
                                              </AspName>
                                            </atom>
                                          </AspPrimary>
                                        </AspFactor>
                                        <AspTermOpr>
                                        </AspTermOpr>
                                        <AspFactor>
                                          <AspPrimary>
                                            <atom>
                                              <AspIntegerLiteral>
                                              </AspFloatLiteral>
                                            </atom>
                                          </AspPrimary>
                                        </AspFactor>
                                      </AspTerm>
                                    </AspComparison>
                                  </AspNotTest>
                                </and test>
                              </expr>
                            </AspInnerExpr>
                          </atom>
                        </AspPrimary>
                        <AspFactorOpr>
                        </AspFactorOpr>
                        <AspPrimary>
                          <atom>
                            <AspIntegerLiteral>
                            </AspFloatLiteral>
                          </atom>
                        </AspPrimary>
                      </AspFactor>
                      <AspTermOpr>
                      </AspTermOpr>
                      <AspFactor>
                        <AspPrimary>
                          <atom>
                            <AspIntegerLiteral>
                            </AspFloatLiteral>
                          </atom>
                        </AspPrimary>
                      </AspFactor>
                    </AspTerm>
                  </AspComparison>
                </AspNotTest>
              </and test>
            </expr>
          </AspAssignment>
        </AspStmt>
  24:    print(str(day) + ". " + M_name[month], y)
        <AspStmt>
          <AspExprStmt>
            <expr>
              <and test>
                <AspNotTest>
                  <AspComparison>
                    <AspTerm>
                      <AspFactor>
                        <AspPrimary>
                          <atom>
                            <AspName>
                            </AspName>
                          </atom>
                          <AspPrimarySuffix>
                            <AspArguments>
                              <expr>
                                <and test>
                                  <AspNotTest>
                                    <AspComparison>
                                      <AspTerm>
                                        <AspFactor>
                                          <AspPrimary>
                                            <atom>
                                              <AspName>
                                              </AspName>
                                            </atom>
                                            <AspPrimarySuffix>
                                              <AspArguments>
                                                <expr>
                                                  <and test>
                                                    <AspNotTest>
                                                      <AspComparison>
                                                        <AspTerm>
                                                          <AspFactor>
                                                            <AspPrimary>
                                                              <atom>
                                                                <AspName>
                                                                </AspName>
                                                              </atom>
                                                            </AspPrimary>
                                                          </AspFactor>
                                                        </AspTerm>
                                                      </AspComparison>
                                                    </AspNotTest>
                                                  </and test>
                                                </expr>
                                              </AspArguments>
                                            </AspPrimarySuffix>
                                          </AspPrimary>
                                        </AspFactor>
                                        <AspTermOpr>
                                        </AspTermOpr>
                                        <AspFactor>
                                          <AspPrimary>
                                            <atom>
                                              <AspStringLiteral>
                                              </AspStringLiteral>
                                            </atom>
                                          </AspPrimary>
                                        </AspFactor>
                                        <AspTermOpr>
                                        </AspTermOpr>
                                        <AspFactor>
                                          <AspPrimary>
                                            <atom>
                                              <AspName>
                                              </AspName>
                                            </atom>
                                            <AspPrimarySuffix>
                                              <AspSubscription>
                                                <expr>
                                                  <and test>
                                                    <AspNotTest>
                                                      <AspComparison>
                                                        <AspTerm>
                                                          <AspFactor>
                                                            <AspPrimary>
                                                              <atom>
                                                                <AspName>
                                                                </AspName>
                                                              </atom>
                                                            </AspPrimary>
                                                          </AspFactor>
                                                        </AspTerm>
                                                      </AspComparison>
                                                    </AspNotTest>
                                                  </and test>
                                                </expr>
                                              </AspSubscription>
                                            </AspPrimarySuffix>
                                          </AspPrimary>
                                        </AspFactor>
                                      </AspTerm>
                                    </AspComparison>
                                  </AspNotTest>
                                </and test>
                              </expr>
                              <expr>
                                <and test>
                                  <AspNotTest>
                                    <AspComparison>
                                      <AspTerm>
                                        <AspFactor>
                                          <AspPrimary>
                                            <atom>
                                              <AspName>
                                              </AspName>
                                            </atom>
                                          </AspPrimary>
                                        </AspFactor>
                                      </AspTerm>
                                    </AspComparison>
                                  </AspNotTest>
                                </and test>
                              </expr>
                            </AspArguments>
                          </AspPrimarySuffix>
                        </AspPrimary>
                      </AspFactor>
                    </AspTerm>
                  </AspComparison>
                </AspNotTest>
              </and test>
            </expr>
          </AspExprStmt>
        </AspStmt>
  25: 
  26:    y = y+1
        <AspStmt>
          <AspAssignment>
            <AspName>
            </AspName>
            <expr>
              <and test>
                <AspNotTest>
                  <AspComparison>
                    <AspTerm>
                      <AspFactor>
                        <AspPrimary>
                          <atom>
                            <AspName>
                            </AspName>
                          </atom>
                        </AspPrimary>
                      </AspFactor>
                      <AspTermOpr>
                      </AspTermOpr>
                      <AspFactor>
                        <AspPrimary>
                          <atom>
                            <AspIntegerLiteral>
                            </AspFloatLiteral>
                          </atom>
                        </AspPrimary>
                      </AspFactor>
                    </AspTerm>
                  </AspComparison>
                </AspNotTest>
              </and test>
            </expr>
          </AspAssignment>
        </AspStmt>
      </AspSuite>
    </AspWhileStmt>
  </AspStmt>
</program>
