<program>
   1: 
   2: print("Hei,", navn)
  <stmt>
    <expr stmt>
      <expr>
        <and test>
          <not test>
            <comparison>
              <term>
                <factor>
                  <primary>
                    <atom>
                      <name>
                      </name>
                    </atom>
                    <primary suffix>
                      <arguments>
                        <expr>
                          <and test>
                            <not test>
                              <comparison>
                                <term>
                                  <factor>
                                    <primary>
                                      <atom>
                                        <string literal>
                                        </string literal>
                                      </atom>
                                    </primary>
                                  </factor>
                                </term>
                              </comparison>
                            </not test>
                          </and test>
                        </expr>
                        <expr>
                          <and test>
                            <not test>
                              <comparison>
                                <term>
                                  <factor>
                                    <primary>
                                      <atom>
                                        <name>
                                        </name>
                                      </atom>
                                    </primary>
                                  </factor>
                                </term>
                              </comparison>
                            </not test>
                          </and test>
                        </expr>
                      </arguments>
                    </primary suffix>
                  </primary>
                </factor>
              </term>
            </comparison>
          </not test>
        </and test>
      </expr>
    </expr stmt>
  </stmt>
</program>
PP> print("Hei,",navn)
