<program>
   1: 
   2: # Finn alle primtall opp til n
   3: # ved hjelp av teknikken kalt «Eratosthenes' sil».
   4: 
   5: n = 1000
  <AspStmt>
    <AspAssignment>
      <AspName>
      </AspName>
      <expr>
        <and test>
          <AspNotTest>
            <AspComparison>
              <AspTerm>
                <AspFactor>
                  <AspPrimary>
                    <atom>
                      <AspIntegerLiteral>
                      </AspFloatLiteral>
                    </atom>
                  </AspPrimary>
                </AspFactor>
              </AspTerm>
            </AspComparison>
          </AspNotTest>
        </and test>
      </expr>
    </AspAssignment>
  </AspStmt>
   6: primes = [True] * (n+1)
  <AspStmt>
    <AspAssignment>
      <AspName>
      </AspName>
      <expr>
        <and test>
          <AspNotTest>
            <AspComparison>
              <AspTerm>
                <AspFactor>
                  <AspPrimary>
                    <atom>
                      <AspListDisplay>
                        <expr>
                          <and test>
                            <AspNotTest>
                              <AspComparison>
                                <AspTerm>
                                  <AspFactor>
                                    <AspPrimary>
                                      <atom>
                                        <AspBooleanLiteral>
                                        </AspBooleanLiteral>
                                      </atom>
                                    </AspPrimary>
                                  </AspFactor>
                                </AspTerm>
                              </AspComparison>
                            </AspNotTest>
                          </and test>
                        </expr>
                      </AspListDisplay>
                    </atom>
                  </AspPrimary>
                  <AspFactorOpr>
                  </AspFactorOpr>
                  <AspPrimary>
                    <atom>
                      <AspInnerExpr>
                        <expr>
                          <and test>
                            <AspNotTest>
                              <AspComparison>
                                <AspTerm>
                                  <AspFactor>
                                    <AspPrimary>
                                      <atom>
                                        <AspName>
                                        </AspName>
                                      </atom>
                                    </AspPrimary>
                                  </AspFactor>
                                  <AspTermOpr>
                                  </AspTermOpr>
                                  <AspFactor>
                                    <AspPrimary>
                                      <atom>
                                        <AspIntegerLiteral>
                                        </AspFloatLiteral>
                                      </atom>
                                    </AspPrimary>
                                  </AspFactor>
                                </AspTerm>
                              </AspComparison>
                            </AspNotTest>
                          </and test>
                        </expr>
                      </AspInnerExpr>
                    </atom>
                  </AspPrimary>
                </AspFactor>
              </AspTerm>
            </AspComparison>
          </AspNotTest>
        </and test>
      </expr>
    </AspAssignment>
  </AspStmt>
   7: 
   8: def find_primes():
  <AspStmt>
    <AspFuncDef>
      <AspName>
      </AspName>
      <AspSuite>
   9:    i1 = 2
        <AspStmt>
          <AspAssignment>
            <AspName>
            </AspName>
            <expr>
              <and test>
                <AspNotTest>
                  <AspComparison>
                    <AspTerm>
                      <AspFactor>
                        <AspPrimary>
                          <atom>
                            <AspIntegerLiteral>
                            </AspFloatLiteral>
                          </atom>
                        </AspPrimary>
                      </AspFactor>
                    </AspTerm>
                  </AspComparison>
                </AspNotTest>
              </and test>
            </expr>
          </AspAssignment>
        </AspStmt>
  10:    while i1 <= n:
        <AspStmt>
          <AspWhileStmt>
            <expr>
              <and test>
                <AspNotTest>
                  <AspComparison>
                    <AspTerm>
                      <AspFactor>
                        <AspPrimary>
                          <atom>
                            <AspName>
                            </AspName>
                          </atom>
                        </AspPrimary>
                      </AspFactor>
                    </AspTerm>
                    <AspCompOpr>
                    </AspCompOpr>
                    <AspTerm>
                      <AspFactor>
                        <AspPrimary>
                          <atom>
                            <AspName>
                            </AspName>
                          </atom>
                        </AspPrimary>
                      </AspFactor>
                    </AspTerm>
                  </AspComparison>
                </AspNotTest>
              </and test>
            </expr>
            <AspSuite>
  11:       i2 = 2 * i1
              <AspStmt>
                <AspAssignment>
                  <AspName>
                  </AspName>
                  <expr>
                    <and test>
                      <AspNotTest>
                        <AspComparison>
                          <AspTerm>
                            <AspFactor>
                              <AspPrimary>
                                <atom>
                                  <AspIntegerLiteral>
                                  </AspFloatLiteral>
                                </atom>
                              </AspPrimary>
                              <AspFactorOpr>
                              </AspFactorOpr>
                              <AspPrimary>
                                <atom>
                                  <AspName>
                                  </AspName>
                                </atom>
                              </AspPrimary>
                            </AspFactor>
                          </AspTerm>
                        </AspComparison>
                      </AspNotTest>
                    </and test>
                  </expr>
                </AspAssignment>
              </AspStmt>
  12:       while i2 <= n:
              <AspStmt>
                <AspWhileStmt>
                  <expr>
                    <and test>
                      <AspNotTest>
                        <AspComparison>
                          <AspTerm>
                            <AspFactor>
                              <AspPrimary>
                                <atom>
                                  <AspName>
                                  </AspName>
                                </atom>
                              </AspPrimary>
                            </AspFactor>
                          </AspTerm>
                          <AspCompOpr>
                          </AspCompOpr>
                          <AspTerm>
                            <AspFactor>
                              <AspPrimary>
                                <atom>
                                  <AspName>
                                  </AspName>
                                </atom>
                              </AspPrimary>
                            </AspFactor>
                          </AspTerm>
                        </AspComparison>
                      </AspNotTest>
                    </and test>
                  </expr>
                  <AspSuite>
  13:          primes[i2] = False
                    <AspStmt>
                      <AspAssignment>
                        <AspName>
                        </AspName>
                        <AspSubscription>
                          <expr>
                            <and test>
                              <AspNotTest>
                                <AspComparison>
                                  <AspTerm>
                                    <AspFactor>
                                      <AspPrimary>
                                        <atom>
                                          <AspName>
                                          </AspName>
                                        </atom>
                                      </AspPrimary>
                                    </AspFactor>
                                  </AspTerm>
                                </AspComparison>
                              </AspNotTest>
                            </and test>
                          </expr>
                        </AspSubscription>
                        <expr>
                          <and test>
                            <AspNotTest>
                              <AspComparison>
                                <AspTerm>
                                  <AspFactor>
                                    <AspPrimary>
                                      <atom>
                                        <AspBooleanLiteral>
                                        </AspBooleanLiteral>
                                      </atom>
                                    </AspPrimary>
                                  </AspFactor>
                                </AspTerm>
                              </AspComparison>
                            </AspNotTest>
                          </and test>
                        </expr>
                      </AspAssignment>
                    </AspStmt>
  14:          i2 = i2 + i1
                    <AspStmt>
                      <AspAssignment>
                        <AspName>
                        </AspName>
                        <expr>
                          <and test>
                            <AspNotTest>
                              <AspComparison>
                                <AspTerm>
                                  <AspFactor>
                                    <AspPrimary>
                                      <atom>
                                        <AspName>
                                        </AspName>
                                      </atom>
                                    </AspPrimary>
                                  </AspFactor>
                                  <AspTermOpr>
                                  </AspTermOpr>
                                  <AspFactor>
                                    <AspPrimary>
                                      <atom>
                                        <AspName>
                                        </AspName>
                                      </atom>
                                    </AspPrimary>
                                  </AspFactor>
                                </AspTerm>
                              </AspComparison>
                            </AspNotTest>
                          </and test>
                        </expr>
                      </AspAssignment>
                    </AspStmt>
  15:       i1 = i1+1
                  </AspSuite>
                </AspWhileStmt>
              </AspStmt>
              <AspStmt>
                <AspAssignment>
                  <AspName>
                  </AspName>
                  <expr>
                    <and test>
                      <AspNotTest>
                        <AspComparison>
                          <AspTerm>
                            <AspFactor>
                              <AspPrimary>
                                <atom>
                                  <AspName>
                                  </AspName>
                                </atom>
                              </AspPrimary>
                            </AspFactor>
                            <AspTermOpr>
                            </AspTermOpr>
                            <AspFactor>
                              <AspPrimary>
                                <atom>
                                  <AspIntegerLiteral>
                                  </AspFloatLiteral>
                                </atom>
                              </AspPrimary>
                            </AspFactor>
                          </AspTerm>
                        </AspComparison>
                      </AspNotTest>
                    </and test>
                  </expr>
                </AspAssignment>
              </AspStmt>
  16: 
  17: def w4(n):
            </AspSuite>
          </AspWhileStmt>
        </AspStmt>
      </AspSuite>
    </AspFuncDef>
  </AspStmt>
  <AspStmt>
    <AspFuncDef>
      <AspName>
      </AspName>
      <AspName>
      </AspName>
      <AspSuite>
  18:     if n <= 9:
        <AspStmt>
          <AspIfStmt>
            <expr>
              <and test>
                <AspNotTest>
                  <AspComparison>
                    <AspTerm>
                      <AspFactor>
                        <AspPrimary>
                          <atom>
                            <AspName>
                            </AspName>
                          </atom>
                        </AspPrimary>
                      </AspFactor>
                    </AspTerm>
                    <AspCompOpr>
                    </AspCompOpr>
                    <AspTerm>
                      <AspFactor>
                        <AspPrimary>
                          <atom>
                            <AspIntegerLiteral>
                            </AspFloatLiteral>
                          </atom>
                        </AspPrimary>
                      </AspFactor>
                    </AspTerm>
                  </AspComparison>
                </AspNotTest>
              </and test>
            </expr>
            <AspSuite>
  19:         return '   ' + str(n)
              <AspStmt>
                <AspReturnStmt>
                  <expr>
                    <and test>
                      <AspNotTest>
                        <AspComparison>
                          <AspTerm>
                            <AspFactor>
                              <AspPrimary>
                                <atom>
                                  <AspStringLiteral>
                                  </AspStringLiteral>
                                </atom>
                              </AspPrimary>
                            </AspFactor>
                            <AspTermOpr>
                            </AspTermOpr>
                            <AspFactor>
                              <AspPrimary>
                                <atom>
                                  <AspName>
                                  </AspName>
                                </atom>
                                <AspPrimarySuffix>
                                  <AspArguments>
                                    <expr>
                                      <and test>
                                        <AspNotTest>
                                          <AspComparison>
                                            <AspTerm>
                                              <AspFactor>
                                                <AspPrimary>
                                                  <atom>
                                                    <AspName>
                                                    </AspName>
                                                  </atom>
                                                </AspPrimary>
                                              </AspFactor>
                                            </AspTerm>
                                          </AspComparison>
                                        </AspNotTest>
                                      </and test>
                                    </expr>
                                  </AspArguments>
                                </AspPrimarySuffix>
                              </AspPrimary>
                            </AspFactor>
                          </AspTerm>
                        </AspComparison>
                      </AspNotTest>
                    </and test>
                  </expr>
                </AspReturnStmt>
              </AspStmt>
  20:     elif n <= 99:
            </AspSuite>
            <expr>
              <and test>
                <AspNotTest>
                  <AspComparison>
                    <AspTerm>
                      <AspFactor>
                        <AspPrimary>
                          <atom>
                            <AspName>
                            </AspName>
                          </atom>
                        </AspPrimary>
                      </AspFactor>
                    </AspTerm>
                    <AspCompOpr>
                    </AspCompOpr>
                    <AspTerm>
                      <AspFactor>
                        <AspPrimary>
                          <atom>
                            <AspIntegerLiteral>
                            </AspFloatLiteral>
                          </atom>
                        </AspPrimary>
                      </AspFactor>
                    </AspTerm>
                  </AspComparison>
                </AspNotTest>
              </and test>
            </expr>
            <AspSuite>
  21:         return '  ' + str(n)
              <AspStmt>
                <AspReturnStmt>
                  <expr>
                    <and test>
                      <AspNotTest>
                        <AspComparison>
                          <AspTerm>
                            <AspFactor>
                              <AspPrimary>
                                <atom>
                                  <AspStringLiteral>
                                  </AspStringLiteral>
                                </atom>
                              </AspPrimary>
                            </AspFactor>
                            <AspTermOpr>
                            </AspTermOpr>
                            <AspFactor>
                              <AspPrimary>
                                <atom>
                                  <AspName>
                                  </AspName>
                                </atom>
                                <AspPrimarySuffix>
                                  <AspArguments>
                                    <expr>
                                      <and test>
                                        <AspNotTest>
                                          <AspComparison>
                                            <AspTerm>
                                              <AspFactor>
                                                <AspPrimary>
                                                  <atom>
                                                    <AspName>
                                                    </AspName>
                                                  </atom>
                                                </AspPrimary>
                                              </AspFactor>
                                            </AspTerm>
                                          </AspComparison>
                                        </AspNotTest>
                                      </and test>
                                    </expr>
                                  </AspArguments>
                                </AspPrimarySuffix>
                              </AspPrimary>
                            </AspFactor>
                          </AspTerm>
                        </AspComparison>
                      </AspNotTest>
                    </and test>
                  </expr>
                </AspReturnStmt>
              </AspStmt>
  22:     elif n <= 999:
            </AspSuite>
            <expr>
              <and test>
                <AspNotTest>
                  <AspComparison>
                    <AspTerm>
                      <AspFactor>
                        <AspPrimary>
                          <atom>
                            <AspName>
                            </AspName>
                          </atom>
                        </AspPrimary>
                      </AspFactor>
                    </AspTerm>
                    <AspCompOpr>
                    </AspCompOpr>
                    <AspTerm>
                      <AspFactor>
                        <AspPrimary>
                          <atom>
                            <AspIntegerLiteral>
                            </AspFloatLiteral>
                          </atom>
                        </AspPrimary>
                      </AspFactor>
                    </AspTerm>
                  </AspComparison>
                </AspNotTest>
              </and test>
            </expr>
            <AspSuite>
  23:         return ' ' + str(n)
              <AspStmt>
                <AspReturnStmt>
                  <expr>
                    <and test>
                      <AspNotTest>
                        <AspComparison>
                          <AspTerm>
                            <AspFactor>
                              <AspPrimary>
                                <atom>
                                  <AspStringLiteral>
                                  </AspStringLiteral>
                                </atom>
                              </AspPrimary>
                            </AspFactor>
                            <AspTermOpr>
                            </AspTermOpr>
                            <AspFactor>
                              <AspPrimary>
                                <atom>
                                  <AspName>
                                  </AspName>
                                </atom>
                                <AspPrimarySuffix>
                                  <AspArguments>
                                    <expr>
                                      <and test>
                                        <AspNotTest>
                                          <AspComparison>
                                            <AspTerm>
                                              <AspFactor>
                                                <AspPrimary>
                                                  <atom>
                                                    <AspName>
                                                    </AspName>
                                                  </atom>
                                                </AspPrimary>
                                              </AspFactor>
                                            </AspTerm>
                                          </AspComparison>
                                        </AspNotTest>
                                      </and test>
                                    </expr>
                                  </AspArguments>
                                </AspPrimarySuffix>
                              </AspPrimary>
                            </AspFactor>
                          </AspTerm>
                        </AspComparison>
                      </AspNotTest>
                    </and test>
                  </expr>
                </AspReturnStmt>
              </AspStmt>
  24:     else:
            </AspSuite>
            <AspSuite>
  25:         return str(n)
              <AspStmt>
                <AspReturnStmt>
                  <expr>
                    <and test>
                      <AspNotTest>
                        <AspComparison>
                          <AspTerm>
                            <AspFactor>
                              <AspPrimary>
                                <atom>
                                  <AspName>
                                  </AspName>
                                </atom>
                                <AspPrimarySuffix>
                                  <AspArguments>
                                    <expr>
                                      <and test>
                                        <AspNotTest>
                                          <AspComparison>
                                            <AspTerm>
                                              <AspFactor>
                                                <AspPrimary>
                                                  <atom>
                                                    <AspName>
                                                    </AspName>
                                                  </atom>
                                                </AspPrimary>
                                              </AspFactor>
                                            </AspTerm>
                                          </AspComparison>
                                        </AspNotTest>
                                      </and test>
                                    </expr>
                                  </AspArguments>
                                </AspPrimarySuffix>
                              </AspPrimary>
                            </AspFactor>
                          </AspTerm>
                        </AspComparison>
                      </AspNotTest>
                    </and test>
                  </expr>
                </AspReturnStmt>
              </AspStmt>
  26: 
  27: 
  28: def list_primes():
            </AspSuite>
          </AspIfStmt>
        </AspStmt>
      </AspSuite>
    </AspFuncDef>
  </AspStmt>
  <AspStmt>
    <AspFuncDef>
      <AspName>
      </AspName>
      <AspSuite>
  29:     n_printed = 0
        <AspStmt>
          <AspAssignment>
            <AspName>
            </AspName>
            <expr>
              <and test>
                <AspNotTest>
                  <AspComparison>
                    <AspTerm>
                      <AspFactor>
                        <AspPrimary>
                          <atom>
                            <AspIntegerLiteral>
                            </AspFloatLiteral>
                          </atom>
                        </AspPrimary>
                      </AspFactor>
                    </AspTerm>
                  </AspComparison>
                </AspNotTest>
              </and test>
            </expr>
          </AspAssignment>
        </AspStmt>
  30:     line_buf = ''
        <AspStmt>
          <AspAssignment>
            <AspName>
            </AspName>
            <expr>
              <and test>
                <AspNotTest>
                  <AspComparison>
                    <AspTerm>
                      <AspFactor>
                        <AspPrimary>
                          <atom>
                            <AspStringLiteral>
                            </AspStringLiteral>
                          </atom>
                        </AspPrimary>
                      </AspFactor>
                    </AspTerm>
                  </AspComparison>
                </AspNotTest>
              </and test>
            </expr>
          </AspAssignment>
        </AspStmt>
  31:     i = 2
        <AspStmt>
          <AspAssignment>
            <AspName>
            </AspName>
            <expr>
              <and test>
                <AspNotTest>
                  <AspComparison>
                    <AspTerm>
                      <AspFactor>
                        <AspPrimary>
                          <atom>
                            <AspIntegerLiteral>
                            </AspFloatLiteral>
                          </atom>
                        </AspPrimary>
                      </AspFactor>
                    </AspTerm>
                  </AspComparison>
                </AspNotTest>
              </and test>
            </expr>
          </AspAssignment>
        </AspStmt>
  32:     while i <= n:
        <AspStmt>
          <AspWhileStmt>
            <expr>
              <and test>
                <AspNotTest>
                  <AspComparison>
                    <AspTerm>
                      <AspFactor>
                        <AspPrimary>
                          <atom>
                            <AspName>
                            </AspName>
                          </atom>
                        </AspPrimary>
                      </AspFactor>
                    </AspTerm>
                    <AspCompOpr>
                    </AspCompOpr>
                    <AspTerm>
                      <AspFactor>
                        <AspPrimary>
                          <atom>
                            <AspName>
                            </AspName>
                          </atom>
                        </AspPrimary>
                      </AspFactor>
                    </AspTerm>
                  </AspComparison>
                </AspNotTest>
              </and test>
            </expr>
            <AspSuite>
  33:        if primes[i]:
              <AspStmt>
                <AspIfStmt>
                  <expr>
                    <and test>
                      <AspNotTest>
                        <AspComparison>
                          <AspTerm>
                            <AspFactor>
                              <AspPrimary>
                                <atom>
                                  <AspName>
                                  </AspName>
                                </atom>
                                <AspPrimarySuffix>
                                  <AspSubscription>
                                    <expr>
                                      <and test>
                                        <AspNotTest>
                                          <AspComparison>
                                            <AspTerm>
                                              <AspFactor>
                                                <AspPrimary>
                                                  <atom>
                                                    <AspName>
                                                    </AspName>
                                                  </atom>
                                                </AspPrimary>
                                              </AspFactor>
                                            </AspTerm>
                                          </AspComparison>
                                        </AspNotTest>
                                      </and test>
                                    </expr>
                                  </AspSubscription>
                                </AspPrimarySuffix>
                              </AspPrimary>
                            </AspFactor>
                          </AspTerm>
                        </AspComparison>
                      </AspNotTest>
                    </and test>
                  </expr>
                  <AspSuite>
  34:           if n_printed > 0 and n_printed % 10 == 0:
                    <AspStmt>
                      <AspIfStmt>
                        <expr>
                          <and test>
                            <AspNotTest>
                              <AspComparison>
                                <AspTerm>
                                  <AspFactor>
                                    <AspPrimary>
                                      <atom>
                                        <AspName>
                                        </AspName>
                                      </atom>
                                    </AspPrimary>
                                  </AspFactor>
                                </AspTerm>
                                <AspCompOpr>
                                </AspCompOpr>
                                <AspTerm>
                                  <AspFactor>
                                    <AspPrimary>
                                      <atom>
                                        <AspIntegerLiteral>
                                        </AspFloatLiteral>
                                      </atom>
                                    </AspPrimary>
                                  </AspFactor>
                                </AspTerm>
                              </AspComparison>
                            </AspNotTest>
                            <AspNotTest>
                              <AspComparison>
                                <AspTerm>
                                  <AspFactor>
                                    <AspPrimary>
                                      <atom>
                                        <AspName>
                                        </AspName>
                                      </atom>
                                    </AspPrimary>
                                    <AspFactorOpr>
                                    </AspFactorOpr>
                                    <AspPrimary>
                                      <atom>
                                        <AspIntegerLiteral>
                                        </AspFloatLiteral>
                                      </atom>
                                    </AspPrimary>
                                  </AspFactor>
                                </AspTerm>
                                <AspCompOpr>
                                </AspCompOpr>
                                <AspTerm>
                                  <AspFactor>
                                    <AspPrimary>
                                      <atom>
                                        <AspIntegerLiteral>
                                        </AspFloatLiteral>
                                      </atom>
                                    </AspPrimary>
                                  </AspFactor>
                                </AspTerm>
                              </AspComparison>
                            </AspNotTest>
                          </and test>
                        </expr>
                        <AspSuite>
  35:              print(line_buf)
                          <AspStmt>
                            <AspExprStmt>
                              <expr>
                                <and test>
                                  <AspNotTest>
                                    <AspComparison>
                                      <AspTerm>
                                        <AspFactor>
                                          <AspPrimary>
                                            <atom>
                                              <AspName>
                                              </AspName>
                                            </atom>
                                            <AspPrimarySuffix>
                                              <AspArguments>
                                                <expr>
                                                  <and test>
                                                    <AspNotTest>
                                                      <AspComparison>
                                                        <AspTerm>
                                                          <AspFactor>
                                                            <AspPrimary>
                                                              <atom>
                                                                <AspName>
                                                                </AspName>
                                                              </atom>
                                                            </AspPrimary>
                                                          </AspFactor>
                                                        </AspTerm>
                                                      </AspComparison>
                                                    </AspNotTest>
                                                  </and test>
                                                </expr>
                                              </AspArguments>
                                            </AspPrimarySuffix>
                                          </AspPrimary>
                                        </AspFactor>
                                      </AspTerm>
                                    </AspComparison>
                                  </AspNotTest>
                                </and test>
                              </expr>
                            </AspExprStmt>
                          </AspStmt>
  36:              line_buf = ''
                          <AspStmt>
                            <AspAssignment>
                              <AspName>
                              </AspName>
                              <expr>
                                <and test>
                                  <AspNotTest>
                                    <AspComparison>
                                      <AspTerm>
                                        <AspFactor>
                                          <AspPrimary>
                                            <atom>
                                              <AspStringLiteral>
                                              </AspStringLiteral>
                                            </atom>
                                          </AspPrimary>
                                        </AspFactor>
                                      </AspTerm>
                                    </AspComparison>
                                  </AspNotTest>
                                </and test>
                              </expr>
                            </AspAssignment>
                          </AspStmt>
  37:           line_buf = line_buf + w4(i)
                        </AspSuite>
                      </AspIfStmt>
                    </AspStmt>
                    <AspStmt>
                      <AspAssignment>
                        <AspName>
                        </AspName>
                        <expr>
                          <and test>
                            <AspNotTest>
                              <AspComparison>
                                <AspTerm>
                                  <AspFactor>
                                    <AspPrimary>
                                      <atom>
                                        <AspName>
                                        </AspName>
                                      </atom>
                                    </AspPrimary>
                                  </AspFactor>
                                  <AspTermOpr>
                                  </AspTermOpr>
                                  <AspFactor>
                                    <AspPrimary>
                                      <atom>
                                        <AspName>
                                        </AspName>
                                      </atom>
                                      <AspPrimarySuffix>
                                        <AspArguments>
                                          <expr>
                                            <and test>
                                              <AspNotTest>
                                                <AspComparison>
                                                  <AspTerm>
                                                    <AspFactor>
                                                      <AspPrimary>
                                                        <atom>
                                                          <AspName>
                                                          </AspName>
                                                        </atom>
                                                      </AspPrimary>
                                                    </AspFactor>
                                                  </AspTerm>
                                                </AspComparison>
                                              </AspNotTest>
                                            </and test>
                                          </expr>
                                        </AspArguments>
                                      </AspPrimarySuffix>
                                    </AspPrimary>
                                  </AspFactor>
                                </AspTerm>
                              </AspComparison>
                            </AspNotTest>
                          </and test>
                        </expr>
                      </AspAssignment>
                    </AspStmt>
  38:           n_printed = n_printed + 1
                    <AspStmt>
                      <AspAssignment>
                        <AspName>
                        </AspName>
                        <expr>
                          <and test>
                            <AspNotTest>
                              <AspComparison>
                                <AspTerm>
                                  <AspFactor>
                                    <AspPrimary>
                                      <atom>
                                        <AspName>
                                        </AspName>
                                      </atom>
                                    </AspPrimary>
                                  </AspFactor>
                                  <AspTermOpr>
                                  </AspTermOpr>
                                  <AspFactor>
                                    <AspPrimary>
                                      <atom>
                                        <AspIntegerLiteral>
                                        </AspFloatLiteral>
                                      </atom>
                                    </AspPrimary>
                                  </AspFactor>
                                </AspTerm>
                              </AspComparison>
                            </AspNotTest>
                          </and test>
                        </expr>
                      </AspAssignment>
                    </AspStmt>
  39:        i = i+1
                  </AspSuite>
                </AspIfStmt>
              </AspStmt>
              <AspStmt>
                <AspAssignment>
                  <AspName>
                  </AspName>
                  <expr>
                    <and test>
                      <AspNotTest>
                        <AspComparison>
                          <AspTerm>
                            <AspFactor>
                              <AspPrimary>
                                <atom>
                                  <AspName>
                                  </AspName>
                                </atom>
                              </AspPrimary>
                            </AspFactor>
                            <AspTermOpr>
                            </AspTermOpr>
                            <AspFactor>
                              <AspPrimary>
                                <atom>
                                  <AspIntegerLiteral>
                                  </AspFloatLiteral>
                                </atom>
                              </AspPrimary>
                            </AspFactor>
                          </AspTerm>
                        </AspComparison>
                      </AspNotTest>
                    </and test>
                  </expr>
                </AspAssignment>
              </AspStmt>
  40:     print(line_buf)
            </AspSuite>
          </AspWhileStmt>
        </AspStmt>
        <AspStmt>
          <AspExprStmt>
            <expr>
              <and test>
                <AspNotTest>
                  <AspComparison>
                    <AspTerm>
                      <AspFactor>
                        <AspPrimary>
                          <atom>
                            <AspName>
                            </AspName>
                          </atom>
                          <AspPrimarySuffix>
                            <AspArguments>
                              <expr>
                                <and test>
                                  <AspNotTest>
                                    <AspComparison>
                                      <AspTerm>
                                        <AspFactor>
                                          <AspPrimary>
                                            <atom>
                                              <AspName>
                                              </AspName>
                                            </atom>
                                          </AspPrimary>
                                        </AspFactor>
                                      </AspTerm>
                                    </AspComparison>
                                  </AspNotTest>
                                </and test>
                              </expr>
                            </AspArguments>
                          </AspPrimarySuffix>
                        </AspPrimary>
                      </AspFactor>
                    </AspTerm>
                  </AspComparison>
                </AspNotTest>
              </and test>
            </expr>
          </AspExprStmt>
        </AspStmt>
  41: 
  42: 
  43: find_primes()
      </AspSuite>
    </AspFuncDef>
  </AspStmt>
  <AspStmt>
    <AspExprStmt>
      <expr>
        <and test>
          <AspNotTest>
            <AspComparison>
              <AspTerm>
                <AspFactor>
                  <AspPrimary>
                    <atom>
                      <AspName>
                      </AspName>
                    </atom>
                    <AspPrimarySuffix>
                      <AspArguments>
                      </AspArguments>
                    </AspPrimarySuffix>
                  </AspPrimary>
                </AspFactor>
              </AspTerm>
            </AspComparison>
          </AspNotTest>
        </and test>
      </expr>
    </AspExprStmt>
  </AspStmt>
  44: list_primes()
  <AspStmt>
    <AspExprStmt>
      <expr>
        <and test>
          <AspNotTest>
            <AspComparison>
              <AspTerm>
                <AspFactor>
                  <AspPrimary>
                    <atom>
                      <AspName>
                      </AspName>
                    </atom>
                    <AspPrimarySuffix>
                      <AspArguments>
                      </AspArguments>
                    </AspPrimarySuffix>
                  </AspPrimary>
                </AspFactor>
              </AspTerm>
            </AspComparison>
          </AspNotTest>
        </and test>
      </expr>
    </AspExprStmt>
  </AspStmt>
</program>
