<program>
   1: 
   2: if d%2 == 1:
  <stmt>
    <if stmt>
      <expr>
        <and test>
          <not test>
            <comparison>
              <term>
                <factor>
                  <primary>
                    <atom>
                      <name>
                      </name>
                    </atom>
                  </primary>
                  <factor opr>
                  </factor opr>
                  <primary>
                    <atom>
                      <integer literal>
                      </integer literal>
                    </atom>
                  </primary>
                </factor>
              </term>
              <comp opr>
              </comp opr>
              <term>
                <factor>
                  <primary>
                    <atom>
                      <integer literal>
                      </integer literal>
                    </atom>
                  </primary>
                </factor>
              </term>
            </comparison>
          </not test>
        </and test>
      </expr>
      <suite>
   3:     x[0] = pow(2*10, (d-1)//2)
        <stmt>
          <assignment>
            <name>
            </name>
            <subscription>
              <expr>
                <and test>
                  <not test>
                    <comparison>
                      <term>
                        <factor>
                          <primary>
                            <atom>
                              <integer literal>
                              </integer literal>
                            </atom>
                          </primary>
                        </factor>
                      </term>
                    </comparison>
                  </not test>
                </and test>
              </expr>
            </subscription>
            <expr>
              <and test>
                <not test>
                  <comparison>
                    <term>
                      <factor>
                        <primary>
                          <atom>
                            <name>
                            </name>
                          </atom>
                          <primary suffix>
                            <arguments>
                              <expr>
                                <and test>
                                  <not test>
                                    <comparison>
                                      <term>
                                        <factor>
                                          <primary>
                                            <atom>
                                              <integer literal>
                                              </integer literal>
                                            </atom>
                                          </primary>
                                          <factor opr>
                                          </factor opr>
                                          <primary>
                                            <atom>
                                              <integer literal>
                                              </integer literal>
                                            </atom>
                                          </primary>
                                        </factor>
                                      </term>
                                    </comparison>
                                  </not test>
                                </and test>
                              </expr>
                              <expr>
                                <and test>
                                  <not test>
                                    <comparison>
                                      <term>
                                        <factor>
                                          <primary>
                                            <atom>
                                              <inner expr>
                                                <expr>
                                                  <and test>
                                                    <not test>
                                                      <comparison>
                                                        <term>
                                                          <factor>
                                                            <primary>
                                                              <atom>
                                                                <name>
                                                                </name>
                                                              </atom>
                                                            </primary>
                                                          </factor>
                                                          <term opr>
                                                          </term opr>
                                                          <factor>
                                                            <primary>
                                                              <atom>
                                                                <integer literal>
                                                                </integer literal>
                                                              </atom>
                                                            </primary>
                                                          </factor>
                                                        </term>
                                                      </comparison>
                                                    </not test>
                                                  </and test>
                                                </expr>
                                              </inner expr>
                                            </atom>
                                          </primary>
                                          <factor opr>
                                          </factor opr>
                                          <primary>
                                            <atom>
                                              <integer literal>
                                              </integer literal>
                                            </atom>
                                          </primary>
                                        </factor>
                                      </term>
                                    </comparison>
                                  </not test>
                                </and test>
                              </expr>
                            </arguments>
                          </primary suffix>
                        </primary>
                      </factor>
                    </term>
                  </comparison>
                </not test>
              </and test>
            </expr>
          </assignment>
        </stmt>
   4: else:
      </suite>
      <suite>
   5:     x[0] = pow(6*10, (d-2)//2)
        <stmt>
          <assignment>
            <name>
            </name>
            <subscription>
              <expr>
                <and test>
                  <not test>
                    <comparison>
                      <term>
                        <factor>
                          <primary>
                            <atom>
                              <integer literal>
                              </integer literal>
                            </atom>
                          </primary>
                        </factor>
                      </term>
                    </comparison>
                  </not test>
                </and test>
              </expr>
            </subscription>
            <expr>
              <and test>
                <not test>
                  <comparison>
                    <term>
                      <factor>
                        <primary>
                          <atom>
                            <name>
                            </name>
                          </atom>
                          <primary suffix>
                            <arguments>
                              <expr>
                                <and test>
                                  <not test>
                                    <comparison>
                                      <term>
                                        <factor>
                                          <primary>
                                            <atom>
                                              <integer literal>
                                              </integer literal>
                                            </atom>
                                          </primary>
                                          <factor opr>
                                          </factor opr>
                                          <primary>
                                            <atom>
                                              <integer literal>
                                              </integer literal>
                                            </atom>
                                          </primary>
                                        </factor>
                                      </term>
                                    </comparison>
                                  </not test>
                                </and test>
                              </expr>
                              <expr>
                                <and test>
                                  <not test>
                                    <comparison>
                                      <term>
                                        <factor>
                                          <primary>
                                            <atom>
                                              <inner expr>
                                                <expr>
                                                  <and test>
                                                    <not test>
                                                      <comparison>
                                                        <term>
                                                          <factor>
                                                            <primary>
                                                              <atom>
                                                                <name>
                                                                </name>
                                                              </atom>
                                                            </primary>
                                                          </factor>
                                                          <term opr>
                                                          </term opr>
                                                          <factor>
                                                            <primary>
                                                              <atom>
                                                                <integer literal>
                                                                </integer literal>
                                                              </atom>
                                                            </primary>
                                                          </factor>
                                                        </term>
                                                      </comparison>
                                                    </not test>
                                                  </and test>
                                                </expr>
                                              </inner expr>
                                            </atom>
                                          </primary>
                                          <factor opr>
                                          </factor opr>
                                          <primary>
                                            <atom>
                                              <integer literal>
                                              </integer literal>
                                            </atom>
                                          </primary>
                                        </factor>
                                      </term>
                                    </comparison>
                                  </not test>
                                </and test>
                              </expr>
                            </arguments>
                          </primary suffix>
                        </primary>
                      </factor>
                    </term>
                  </comparison>
                </not test>
              </and test>
            </expr>
          </assignment>
        </stmt>
      </suite>
    </if stmt>
  </stmt>
</program>
PP> ifd % 2 == 1:
PP>   x[0]=pow(2 * 10,(d - 1) // 2)
PP> else:
PP>   x[0]=pow(6 * 10,(d - 2) // 2)
